INFO -  Hibernate 3.0rc1
INFO -  hibernate.properties not found
INFO -  using CGLIB reflection optimizer
INFO -  using JDK 1.4 java.sql.Timestamp handling
INFO -  configuring from resource: /hibernate.cfg.xml
INFO -  Configuration resource: /hibernate.cfg.xml
INFO -  Mapping resource: com/jlcindia/hibernate/Contact.hbm.xml
ERROR -  Error parsing XML: XML InputStream(20) Attribute "callable" must be declared for element type "sql-query".
ERROR -  Error parsing XML: XML InputStream(21) Attribute "alias" is required and must be specified for element type "return".
ERROR -  Error parsing XML: XML InputStream(22) Element type "return-property" must be declared.
ERROR -  Error parsing XML: XML InputStream(23) Element type "return-property" must be declared.
ERROR -  Error parsing XML: XML InputStream(24) Element type "return-property" must be declared.
ERROR -  Error parsing XML: XML InputStream(25) Element type "return-property" must be declared.
ERROR -  Error parsing XML: XML InputStream(26) Element type "return-property" must be declared.
ERROR -  Error parsing XML: XML InputStream(27) Element type "return-property" must be declared.
ERROR -  Error parsing XML: XML InputStream(28) Element type "return-property" must be declared.
ERROR -  Error parsing XML: XML InputStream(29) The content of element type "return" must match "EMPTY".
ERROR -  Error parsing XML: XML InputStream(33) Attribute "callable" must be declared for element type "sql-query".
ERROR -  Error parsing XML: XML InputStream(34) Attribute "alias" is required and must be specified for element type "return".
ERROR -  Error parsing XML: XML InputStream(35) Element type "return-property" must be declared.
ERROR -  Error parsing XML: XML InputStream(36) Element type "return-property" must be declared.
ERROR -  Error parsing XML: XML InputStream(37) Element type "return-property" must be declared.
ERROR -  Error parsing XML: XML InputStream(38) Element type "return-property" must be declared.
ERROR -  Error parsing XML: XML InputStream(39) Element type "return-property" must be declared.
ERROR -  Error parsing XML: XML InputStream(40) Element type "return-property" must be declared.
ERROR -  Error parsing XML: XML InputStream(41) Element type "return-property" must be declared.
ERROR -  Error parsing XML: XML InputStream(42) The content of element type "return" must match "EMPTY".
INFO -  Hibernate 3.0rc1
INFO -  hibernate.properties not found
INFO -  using CGLIB reflection optimizer
INFO -  using JDK 1.4 java.sql.Timestamp handling
INFO -  configuring from resource: /hibernate.cfg.xml
INFO -  Configuration resource: /hibernate.cfg.xml
INFO -  Mapping resource: com/jlcindia/hibernate/Contact.hbm.xml
ERROR -  Error parsing XML: XML InputStream(20) Attribute "callable" must be declared for element type "sql-query".
ERROR -  Error parsing XML: XML InputStream(21) Attribute "alias" is required and must be specified for element type "return".
ERROR -  Error parsing XML: XML InputStream(22) Element type "return-property" must be declared.
ERROR -  Error parsing XML: XML InputStream(23) Element type "return-property" must be declared.
ERROR -  Error parsing XML: XML InputStream(24) Element type "return-property" must be declared.
ERROR -  Error parsing XML: XML InputStream(25) Element type "return-property" must be declared.
ERROR -  Error parsing XML: XML InputStream(26) Element type "return-property" must be declared.
ERROR -  Error parsing XML: XML InputStream(27) Element type "return-property" must be declared.
ERROR -  Error parsing XML: XML InputStream(28) Element type "return-property" must be declared.
ERROR -  Error parsing XML: XML InputStream(29) The content of element type "return" must match "EMPTY".
ERROR -  Error parsing XML: XML InputStream(33) Attribute "callable" must be declared for element type "sql-query".
ERROR -  Error parsing XML: XML InputStream(34) Attribute "alias" is required and must be specified for element type "return".
ERROR -  Error parsing XML: XML InputStream(35) Element type "return-property" must be declared.
ERROR -  Error parsing XML: XML InputStream(36) Element type "return-property" must be declared.
ERROR -  Error parsing XML: XML InputStream(37) Element type "return-property" must be declared.
ERROR -  Error parsing XML: XML InputStream(38) Element type "return-property" must be declared.
ERROR -  Error parsing XML: XML InputStream(39) Element type "return-property" must be declared.
ERROR -  Error parsing XML: XML InputStream(40) Element type "return-property" must be declared.
ERROR -  Error parsing XML: XML InputStream(41) Element type "return-property" must be declared.
ERROR -  Error parsing XML: XML InputStream(42) The content of element type "return" must match "EMPTY".
INFO -  Hibernate 3.0rc1
INFO -  hibernate.properties not found
INFO -  using CGLIB reflection optimizer
INFO -  using JDK 1.4 java.sql.Timestamp handling
INFO -  configuring from resource: /hibernate.cfg.xml
INFO -  Configuration resource: /hibernate.cfg.xml
INFO -  Mapping resource: com/jlcindia/hibernate/Contact.hbm.xml
ERROR -  Error parsing XML: XML InputStream(20) Attribute "callable" must be declared for element type "sql-query".
ERROR -  Error parsing XML: XML InputStream(22) Element type "return-property" must be declared.
ERROR -  Error parsing XML: XML InputStream(23) Element type "return-property" must be declared.
ERROR -  Error parsing XML: XML InputStream(24) Element type "return-property" must be declared.
ERROR -  Error parsing XML: XML InputStream(25) Element type "return-property" must be declared.
ERROR -  Error parsing XML: XML InputStream(26) Element type "return-property" must be declared.
ERROR -  Error parsing XML: XML InputStream(27) Element type "return-property" must be declared.
ERROR -  Error parsing XML: XML InputStream(28) Element type "return-property" must be declared.
ERROR -  Error parsing XML: XML InputStream(29) The content of element type "return" must match "EMPTY".
ERROR -  Error parsing XML: XML InputStream(33) Attribute "callable" must be declared for element type "sql-query".
ERROR -  Error parsing XML: XML InputStream(35) Element type "return-property" must be declared.
ERROR -  Error parsing XML: XML InputStream(36) Element type "return-property" must be declared.
ERROR -  Error parsing XML: XML InputStream(37) Element type "return-property" must be declared.
ERROR -  Error parsing XML: XML InputStream(38) Element type "return-property" must be declared.
ERROR -  Error parsing XML: XML InputStream(39) Element type "return-property" must be declared.
ERROR -  Error parsing XML: XML InputStream(40) Element type "return-property" must be declared.
ERROR -  Error parsing XML: XML InputStream(41) Element type "return-property" must be declared.
ERROR -  Error parsing XML: XML InputStream(42) The content of element type "return" must match "EMPTY".
INFO -  Hibernate 3.0rc1
INFO -  hibernate.properties not found
INFO -  using CGLIB reflection optimizer
INFO -  using JDK 1.4 java.sql.Timestamp handling
INFO -  configuring from resource: /hibernate.cfg.xml
INFO -  Configuration resource: /hibernate.cfg.xml
INFO -  Mapping resource: com/jlcindia/hibernate/Contact.hbm.xml
ERROR -  Error parsing XML: XML InputStream(20) Attribute "callable" must be declared for element type "sql-query".
ERROR -  Error parsing XML: XML InputStream(22) Element type "return-property" must be declared.
ERROR -  Error parsing XML: XML InputStream(23) Element type "return-property" must be declared.
ERROR -  Error parsing XML: XML InputStream(24) Element type "return-property" must be declared.
ERROR -  Error parsing XML: XML InputStream(25) Element type "return-property" must be declared.
ERROR -  Error parsing XML: XML InputStream(26) Element type "return-property" must be declared.
ERROR -  Error parsing XML: XML InputStream(27) Element type "return-property" must be declared.
ERROR -  Error parsing XML: XML InputStream(28) Element type "return-property" must be declared.
ERROR -  Error parsing XML: XML InputStream(29) The content of element type "return" must match "EMPTY".
ERROR -  Error parsing XML: XML InputStream(33) Attribute "callable" must be declared for element type "sql-query".
ERROR -  Error parsing XML: XML InputStream(35) Element type "return-property" must be declared.
ERROR -  Error parsing XML: XML InputStream(36) Element type "return-property" must be declared.
ERROR -  Error parsing XML: XML InputStream(37) Element type "return-property" must be declared.
ERROR -  Error parsing XML: XML InputStream(38) Element type "return-property" must be declared.
ERROR -  Error parsing XML: XML InputStream(39) Element type "return-property" must be declared.
ERROR -  Error parsing XML: XML InputStream(40) Element type "return-property" must be declared.
ERROR -  Error parsing XML: XML InputStream(41) Element type "return-property" must be declared.
ERROR -  Error parsing XML: XML InputStream(42) The content of element type "return" must match "EMPTY".
INFO -  Hibernate 3.0rc1
INFO -  hibernate.properties not found
INFO -  using CGLIB reflection optimizer
INFO -  using JDK 1.4 java.sql.Timestamp handling
INFO -  configuring from resource: /hibernate.cfg.xml
INFO -  Configuration resource: /hibernate.cfg.xml
INFO -  Mapping resource: com/jlcindia/hibernate/Contact.hbm.xml
ERROR -  Error parsing XML: XML InputStream(20) Attribute "callable" must be declared for element type "sql-query".
ERROR -  Error parsing XML: XML InputStream(28) The content of element type "return" must match "EMPTY".  Children of type "comment" are not allowed.
ERROR -  Error parsing XML: XML InputStream(29) The content of element type "return" must match "EMPTY".
INFO -  Hibernate 3.0rc1
INFO -  hibernate.properties not found
INFO -  using CGLIB reflection optimizer
INFO -  using JDK 1.4 java.sql.Timestamp handling
INFO -  configuring from resource: /hibernate.cfg.xml
INFO -  Configuration resource: /hibernate.cfg.xml
INFO -  Mapping resource: com/jlcindia/hibernate/Contact.hbm.xml
ERROR -  Error parsing XML: XML InputStream(20) Attribute "callable" must be declared for element type "sql-query".
ERROR -  Error parsing XML: XML InputStream(21) Attribute "alias" is required and must be specified for element type "return".
ERROR -  Error parsing XML: XML InputStream(22) Element type "return-property" must be declared.
ERROR -  Error parsing XML: XML InputStream(23) Element type "return-property" must be declared.
ERROR -  Error parsing XML: XML InputStream(24) Element type "return-property" must be declared.
ERROR -  Error parsing XML: XML InputStream(25) Element type "return-property" must be declared.
ERROR -  Error parsing XML: XML InputStream(26) Element type "return-property" must be declared.
ERROR -  Error parsing XML: XML InputStream(27) Element type "return-property" must be declared.
ERROR -  Error parsing XML: XML InputStream(28) Element type "return-property" must be declared.
ERROR -  Error parsing XML: XML InputStream(29) The content of element type "return" must match "EMPTY".
ERROR -  Error parsing XML: XML InputStream(33) Attribute "callable" must be declared for element type "sql-query".
ERROR -  Error parsing XML: XML InputStream(34) Attribute "alias" is required and must be specified for element type "return".
ERROR -  Error parsing XML: XML InputStream(35) Element type "return-property" must be declared.
ERROR -  Error parsing XML: XML InputStream(36) Element type "return-property" must be declared.
ERROR -  Error parsing XML: XML InputStream(37) Element type "return-property" must be declared.
ERROR -  Error parsing XML: XML InputStream(38) Element type "return-property" must be declared.
ERROR -  Error parsing XML: XML InputStream(39) Element type "return-property" must be declared.
ERROR -  Error parsing XML: XML InputStream(40) Element type "return-property" must be declared.
ERROR -  Error parsing XML: XML InputStream(41) Element type "return-property" must be declared.
ERROR -  Error parsing XML: XML InputStream(42) The content of element type "return" must match "EMPTY".
INFO -  Hibernate 3.0rc1
INFO -  hibernate.properties not found
INFO -  using CGLIB reflection optimizer
INFO -  using JDK 1.4 java.sql.Timestamp handling
INFO -  configuring from resource: /hibernate.cfg.xml
INFO -  Configuration resource: /hibernate.cfg.xml
INFO -  Mapping resource: com/jlcindia/hibernate/Contact.hbm.xml
ERROR -  Error parsing XML: XML InputStream(20) Attribute "callable" must be declared for element type "sql-query".
ERROR -  Error parsing XML: XML InputStream(21) Attribute "alias" is required and must be specified for element type "return".
ERROR -  Error parsing XML: XML InputStream(22) Element type "return-property" must be declared.
ERROR -  Error parsing XML: XML InputStream(23) Element type "return-property" must be declared.
ERROR -  Error parsing XML: XML InputStream(24) Element type "return-property" must be declared.
ERROR -  Error parsing XML: XML InputStream(25) Element type "return-property" must be declared.
ERROR -  Error parsing XML: XML InputStream(26) Element type "return-property" must be declared.
ERROR -  Error parsing XML: XML InputStream(27) Element type "return-property" must be declared.
ERROR -  Error parsing XML: XML InputStream(28) Element type "return-property" must be declared.
ERROR -  Error parsing XML: XML InputStream(29) The content of element type "return" must match "EMPTY".
ERROR -  Error parsing XML: XML InputStream(33) Attribute "callable" must be declared for element type "sql-query".
ERROR -  Error parsing XML: XML InputStream(34) Attribute "alias" is required and must be specified for element type "return".
ERROR -  Error parsing XML: XML InputStream(35) Element type "return-property" must be declared.
ERROR -  Error parsing XML: XML InputStream(36) Element type "return-property" must be declared.
ERROR -  Error parsing XML: XML InputStream(37) Element type "return-property" must be declared.
ERROR -  Error parsing XML: XML InputStream(38) Element type "return-property" must be declared.
ERROR -  Error parsing XML: XML InputStream(39) Element type "return-property" must be declared.
ERROR -  Error parsing XML: XML InputStream(40) Element type "return-property" must be declared.
ERROR -  Error parsing XML: XML InputStream(41) Element type "return-property" must be declared.
ERROR -  Error parsing XML: XML InputStream(42) The content of element type "return" must match "EMPTY".
INFO -  Hibernate 3.0rc1
INFO -  hibernate.properties not found
INFO -  using CGLIB reflection optimizer
INFO -  using JDK 1.4 java.sql.Timestamp handling
INFO -  configuring from resource: /hibernate.cfg.xml
INFO -  Configuration resource: /hibernate.cfg.xml
INFO -  Mapping resource: com/jlcindia/hibernate/Contact.hbm.xml
ERROR -  Error parsing XML: XML InputStream(20) Attribute "callable" must be declared for element type "sql-query".
ERROR -  Error parsing XML: XML InputStream(21) Attribute "alias" is required and must be specified for element type "return".
ERROR -  Error parsing XML: XML InputStream(22) Element type "return-property" must be declared.
ERROR -  Error parsing XML: XML InputStream(23) Element type "return-property" must be declared.
ERROR -  Error parsing XML: XML InputStream(24) Element type "return-property" must be declared.
ERROR -  Error parsing XML: XML InputStream(25) Element type "return-property" must be declared.
ERROR -  Error parsing XML: XML InputStream(26) Element type "return-property" must be declared.
ERROR -  Error parsing XML: XML InputStream(27) Element type "return-property" must be declared.
ERROR -  Error parsing XML: XML InputStream(28) Element type "return-property" must be declared.
ERROR -  Error parsing XML: XML InputStream(29) The content of element type "return" must match "EMPTY".
ERROR -  Error parsing XML: XML InputStream(33) Attribute "callable" must be declared for element type "sql-query".
ERROR -  Error parsing XML: XML InputStream(34) Attribute "alias" is required and must be specified for element type "return".
ERROR -  Error parsing XML: XML InputStream(35) Element type "return-property" must be declared.
ERROR -  Error parsing XML: XML InputStream(36) Element type "return-property" must be declared.
ERROR -  Error parsing XML: XML InputStream(37) Element type "return-property" must be declared.
ERROR -  Error parsing XML: XML InputStream(38) Element type "return-property" must be declared.
ERROR -  Error parsing XML: XML InputStream(39) Element type "return-property" must be declared.
ERROR -  Error parsing XML: XML InputStream(40) Element type "return-property" must be declared.
ERROR -  Error parsing XML: XML InputStream(41) Element type "return-property" must be declared.
ERROR -  Error parsing XML: XML InputStream(42) The content of element type "return" must match "EMPTY".
INFO -  Hibernate 3.0rc1
INFO -  hibernate.properties not found
INFO -  using CGLIB reflection optimizer
INFO -  using JDK 1.4 java.sql.Timestamp handling
INFO -  configuring from resource: /hibernate.cfg.xml
INFO -  Configuration resource: /hibernate.cfg.xml
INFO -  Mapping resource: com/jlcindia/hibernate/Contact.hbm.xml
ERROR -  Error parsing XML: XML InputStream(20) Attribute "callable" must be declared for element type "sql-query".
ERROR -  Error parsing XML: XML InputStream(21) Attribute "alias" is required and must be specified for element type "return".
ERROR -  Error parsing XML: XML InputStream(22) Element type "return-property" must be declared.
ERROR -  Error parsing XML: XML InputStream(23) Element type "return-property" must be declared.
ERROR -  Error parsing XML: XML InputStream(24) Element type "return-property" must be declared.
ERROR -  Error parsing XML: XML InputStream(25) Element type "return-property" must be declared.
ERROR -  Error parsing XML: XML InputStream(26) Element type "return-property" must be declared.
ERROR -  Error parsing XML: XML InputStream(27) Element type "return-property" must be declared.
ERROR -  Error parsing XML: XML InputStream(28) Element type "return-property" must be declared.
ERROR -  Error parsing XML: XML InputStream(29) The content of element type "return" must match "EMPTY".
ERROR -  Error parsing XML: XML InputStream(33) Attribute "callable" must be declared for element type "sql-query".
ERROR -  Error parsing XML: XML InputStream(34) Attribute "alias" is required and must be specified for element type "return".
ERROR -  Error parsing XML: XML InputStream(35) Element type "return-property" must be declared.
ERROR -  Error parsing XML: XML InputStream(36) Element type "return-property" must be declared.
ERROR -  Error parsing XML: XML InputStream(37) Element type "return-property" must be declared.
ERROR -  Error parsing XML: XML InputStream(38) Element type "return-property" must be declared.
ERROR -  Error parsing XML: XML InputStream(39) Element type "return-property" must be declared.
ERROR -  Error parsing XML: XML InputStream(40) Element type "return-property" must be declared.
ERROR -  Error parsing XML: XML InputStream(41) Element type "return-property" must be declared.
ERROR -  Error parsing XML: XML InputStream(42) The content of element type "return" must match "EMPTY".
INFO -  Hibernate 3.0rc1
INFO -  hibernate.properties not found
INFO -  using CGLIB reflection optimizer
INFO -  using JDK 1.4 java.sql.Timestamp handling
INFO -  configuring from resource: /hibernate.cfg.xml
INFO -  Configuration resource: /hibernate.cfg.xml
INFO -  Mapping resource: com/jlcindia/hibernate/Contact.hbm.xml
INFO -  Mapping class: com.jlcindia.hibernate.Contact -> contacts
INFO -  Configured SessionFactory: null
INFO -  processing extends queue
INFO -  processing collection mappings
INFO -  processing association property references
INFO -  processing foreign key constraints
INFO -  Using dialect: org.hibernate.dialect.OracleDialect
INFO -  Default batch fetch size: 1
INFO -  Generate SQL with comments: disabled
INFO -  Order SQL updates by primary key: disabled
INFO -  Query translator: org.hibernate.hql.ast.ASTQueryTranslatorFactory
INFO -  Using ASTQueryTranslatorFactory
INFO -  Query language substitutions: {}
INFO -  Using Hibernate built-in connection pool (not for production use!)
INFO -  Hibernate connection pool size: 20
INFO -  autocommit mode: false
INFO -  using driver: oracle.jdbc.driver.OracleDriver at URL: jdbc:oracle:thin:@localhost:1521:XE
INFO -  connection properties: {user=system, password=****}
INFO -  JDBC batch size: 15
INFO -  JDBC batch updates for versioned data: disabled
INFO -  Scrollable result sets: enabled
INFO -  JDBC3 getGeneratedKeys(): disabled
INFO -  Using default transaction strategy (direct JDBC transactions)
INFO -  No TransactionManagerLookup configured (in JTA environment, use of read-write or transactional second-level cache is not recommended)
INFO -  Automatic flush during beforeCompletion(): disabled
INFO -  Automatic session close at end of transaction: disabled
INFO -  Cache provider: org.hibernate.cache.EhCacheProvider
INFO -  Second-level cache: enabled
INFO -  Optimize cache for minimal puts: disabled
INFO -  Structured second-level cache entries: enabled
INFO -  Query cache: disabled
INFO -  Echoing all SQL to stdout
INFO -  Statistics: disabled
INFO -  Deleted entity synthetic identifier rollback: disabled
INFO -  Default entity-mode: pojo
INFO -  building session factory
WARN -  No configuration found. Configuring ehcache from ehcache-failsafe.xml found in the classpath: jar:file:/D:/Studentd%20-DVD/Hibernate%203.1/ehcache-1.1.jar!/ehcache-failsafe.xml
INFO -  Not binding factory to JNDI, no JNDI name configured
INFO -  Using dialect: org.hibernate.dialect.OracleDialect
INFO -  Using Hibernate built-in connection pool (not for production use!)
INFO -  Hibernate connection pool size: 20
INFO -  autocommit mode: false
INFO -  using driver: oracle.jdbc.driver.OracleDriver at URL: jdbc:oracle:thin:@localhost:1521:XE
INFO -  connection properties: {user=system, password=****}
INFO -  Running hbm2ddl schema update
INFO -  fetching database metadata
INFO -  updating schema
INFO -  processing extends queue
INFO -  processing collection mappings
INFO -  processing association property references
INFO -  processing foreign key constraints
INFO -  table found: SYSTEM.CONTACTS
INFO -  columns: [phone, lastname, contactid, firstname, dob, email, status]
INFO -  foreign keys: []
INFO -  indexes: [sys_c004454]
INFO -  schema update complete
INFO -  cleaning up connection pool: jdbc:oracle:thin:@localhost:1521:XE
INFO -  Checking 0 named queries
INFO -  cleaning up connection pool: jdbc:oracle:thin:@localhost:1521:XE
INFO -  Hibernate 3.0rc1
INFO -  hibernate.properties not found
INFO -  using CGLIB reflection optimizer
INFO -  using JDK 1.4 java.sql.Timestamp handling
INFO -  configuring from resource: /hibernate.cfg.xml
INFO -  Configuration resource: /hibernate.cfg.xml
INFO -  Mapping resource: com/jlcindia/hibernate/Contact.hbm.xml
ERROR -  Error parsing XML: XML InputStream(20) Attribute "callable" must be declared for element type "sql-query".
ERROR -  Error parsing XML: XML InputStream(21) Attribute "alias" is required and must be specified for element type "return".
ERROR -  Error parsing XML: XML InputStream(22) Element type "return-property" must be declared.
ERROR -  Error parsing XML: XML InputStream(23) Element type "return-property" must be declared.
ERROR -  Error parsing XML: XML InputStream(24) Element type "return-property" must be declared.
ERROR -  Error parsing XML: XML InputStream(25) Element type "return-property" must be declared.
ERROR -  Error parsing XML: XML InputStream(26) Element type "return-property" must be declared.
ERROR -  Error parsing XML: XML InputStream(27) Element type "return-property" must be declared.
ERROR -  Error parsing XML: XML InputStream(28) Element type "return-property" must be declared.
ERROR -  Error parsing XML: XML InputStream(29) The content of element type "return" must match "EMPTY".
INFO -  Hibernate 3.0rc1
INFO -  hibernate.properties not found
INFO -  using CGLIB reflection optimizer
INFO -  using JDK 1.4 java.sql.Timestamp handling
INFO -  configuring from resource: /hibernate.cfg.xml
INFO -  Configuration resource: /hibernate.cfg.xml
INFO -  Mapping resource: com/jlcindia/hibernate/Contact.hbm.xml
ERROR -  Error parsing XML: XML InputStream(20) Attribute "callable" must be declared for element type "sql-query".
ERROR -  Error parsing XML: XML InputStream(22) Element type "return-property" must be declared.
ERROR -  Error parsing XML: XML InputStream(23) Element type "return-property" must be declared.
ERROR -  Error parsing XML: XML InputStream(24) Element type "return-property" must be declared.
ERROR -  Error parsing XML: XML InputStream(25) Element type "return-property" must be declared.
ERROR -  Error parsing XML: XML InputStream(26) Element type "return-property" must be declared.
ERROR -  Error parsing XML: XML InputStream(27) Element type "return-property" must be declared.
ERROR -  Error parsing XML: XML InputStream(28) Element type "return-property" must be declared.
ERROR -  Error parsing XML: XML InputStream(29) The content of element type "return" must match "EMPTY".
INFO -  Hibernate 3.0rc1
INFO -  hibernate.properties not found
INFO -  using CGLIB reflection optimizer
INFO -  using JDK 1.4 java.sql.Timestamp handling
INFO -  configuring from resource: /hibernate.cfg.xml
INFO -  Configuration resource: /hibernate.cfg.xml
INFO -  Mapping resource: com/jlcindia/hibernate/Contact.hbm.xml
ERROR -  Error parsing XML: XML InputStream(20) Attribute "callable" must be declared for element type "sql-query".
ERROR -  Error parsing XML: XML InputStream(22) Element type "return-property" must be declared.
ERROR -  Error parsing XML: XML InputStream(23) Element type "return-property" must be declared.
ERROR -  Error parsing XML: XML InputStream(24) Element type "return-property" must be declared.
ERROR -  Error parsing XML: XML InputStream(25) Element type "return-property" must be declared.
ERROR -  Error parsing XML: XML InputStream(26) Element type "return-property" must be declared.
ERROR -  Error parsing XML: XML InputStream(27) Element type "return-property" must be declared.
ERROR -  Error parsing XML: XML InputStream(28) Element type "return-property" must be declared.
ERROR -  Error parsing XML: XML InputStream(29) The content of element type "return" must match "EMPTY".
INFO -  Hibernate 3.0rc1
INFO -  hibernate.properties not found
INFO -  using CGLIB reflection optimizer
INFO -  using JDK 1.4 java.sql.Timestamp handling
INFO -  configuring from resource: /hibernate.cfg.xml
INFO -  Configuration resource: /hibernate.cfg.xml
INFO -  Mapping resource: com/jlcindia/hibernate/Contact.hbm.xml
ERROR -  Error parsing XML: XML InputStream(20) Attribute "callable" must be declared for element type "sql-query".
ERROR -  Error parsing XML: XML InputStream(22) Element type "return-property" must be declared.
ERROR -  Error parsing XML: XML InputStream(23) Element type "return-property" must be declared.
ERROR -  Error parsing XML: XML InputStream(24) Element type "return-property" must be declared.
ERROR -  Error parsing XML: XML InputStream(25) Element type "return-property" must be declared.
ERROR -  Error parsing XML: XML InputStream(26) Element type "return-property" must be declared.
ERROR -  Error parsing XML: XML InputStream(27) Element type "return-property" must be declared.
ERROR -  Error parsing XML: XML InputStream(28) Element type "return-property" must be declared.
ERROR -  Error parsing XML: XML InputStream(29) The content of element type "return" must match "EMPTY".
INFO -  Hibernate 3.0rc1
INFO -  hibernate.properties not found
INFO -  using CGLIB reflection optimizer
INFO -  using JDK 1.4 java.sql.Timestamp handling
INFO -  configuring from resource: /hibernate.cfg.xml
INFO -  Configuration resource: /hibernate.cfg.xml
INFO -  Mapping resource: com/jlcindia/hibernate/Contact.hbm.xml
ERROR -  Error parsing XML: XML InputStream(20) Attribute "callable" must be declared for element type "sql-query".
ERROR -  Error parsing XML: XML InputStream(22) Element type "return-property" must be declared.
ERROR -  Error parsing XML: XML InputStream(23) Element type "return-property" must be declared.
ERROR -  Error parsing XML: XML InputStream(24) Element type "return-property" must be declared.
ERROR -  Error parsing XML: XML InputStream(25) Element type "return-property" must be declared.
ERROR -  Error parsing XML: XML InputStream(26) Element type "return-property" must be declared.
ERROR -  Error parsing XML: XML InputStream(27) Element type "return-property" must be declared.
ERROR -  Error parsing XML: XML InputStream(28) Element type "return-property" must be declared.
ERROR -  Error parsing XML: XML InputStream(29) The content of element type "return" must match "EMPTY".
INFO -  Hibernate 3.0rc1
INFO -  hibernate.properties not found
INFO -  using CGLIB reflection optimizer
INFO -  using JDK 1.4 java.sql.Timestamp handling
INFO -  configuring from resource: /hibernate.cfg.xml
INFO -  Configuration resource: /hibernate.cfg.xml
INFO -  Mapping resource: com/jlcindia/hibernate/Contact.hbm.xml
ERROR -  Error parsing XML: XML InputStream(20) Attribute "callable" must be declared for element type "sql-query".
ERROR -  Error parsing XML: XML InputStream(22) Element type "return-property" must be declared.
ERROR -  Error parsing XML: XML InputStream(23) Element type "return-property" must be declared.
ERROR -  Error parsing XML: XML InputStream(24) Element type "return-property" must be declared.
ERROR -  Error parsing XML: XML InputStream(25) Element type "return-property" must be declared.
ERROR -  Error parsing XML: XML InputStream(26) Element type "return-property" must be declared.
ERROR -  Error parsing XML: XML InputStream(27) Element type "return-property" must be declared.
ERROR -  Error parsing XML: XML InputStream(28) Element type "return-property" must be declared.
ERROR -  Error parsing XML: XML InputStream(29) The content of element type "return" must match "EMPTY".
INFO -  Hibernate 3.0rc1
INFO -  hibernate.properties not found
INFO -  using CGLIB reflection optimizer
INFO -  using JDK 1.4 java.sql.Timestamp handling
INFO -  configuring from resource: /hibernate.cfg.xml
INFO -  Configuration resource: /hibernate.cfg.xml
INFO -  Mapping resource: com/jlcindia/hibernate/Contact.hbm.xml
ERROR -  Error parsing XML: XML InputStream(33) Attribute "callable" must be declared for element type "sql-query".
ERROR -  Error parsing XML: XML InputStream(35) Element type "return-property" must be declared.
ERROR -  Error parsing XML: XML InputStream(36) Element type "return-property" must be declared.
ERROR -  Error parsing XML: XML InputStream(37) Element type "return-property" must be declared.
ERROR -  Error parsing XML: XML InputStream(38) Element type "return-property" must be declared.
ERROR -  Error parsing XML: XML InputStream(39) Element type "return-property" must be declared.
ERROR -  Error parsing XML: XML InputStream(40) Element type "return-property" must be declared.
ERROR -  Error parsing XML: XML InputStream(41) Element type "return-property" must be declared.
ERROR -  Error parsing XML: XML InputStream(42) The content of element type "return" must match "EMPTY".
INFO -  Hibernate 3.0rc1
INFO -  hibernate.properties not found
INFO -  using CGLIB reflection optimizer
INFO -  using JDK 1.4 java.sql.Timestamp handling
INFO -  configuring from resource: /hibernate.cfg.xml
INFO -  Configuration resource: /hibernate.cfg.xml
INFO -  Mapping resource: com/jlcindia/hibernate/Contact.hbm.xml
ERROR -  Error parsing XML: XML InputStream(33) Attribute "callable" must be declared for element type "sql-query".
ERROR -  Error parsing XML: XML InputStream(35) Element type "return-property" must be declared.
ERROR -  Error parsing XML: XML InputStream(36) Element type "return-property" must be declared.
ERROR -  Error parsing XML: XML InputStream(37) Element type "return-property" must be declared.
ERROR -  Error parsing XML: XML InputStream(38) Element type "return-property" must be declared.
ERROR -  Error parsing XML: XML InputStream(39) Element type "return-property" must be declared.
ERROR -  Error parsing XML: XML InputStream(40) Element type "return-property" must be declared.
ERROR -  Error parsing XML: XML InputStream(41) Element type "return-property" must be declared.
ERROR -  Error parsing XML: XML InputStream(42) The content of element type "return" must match "EMPTY".
INFO -  Hibernate 3.0rc1
INFO -  hibernate.properties not found
INFO -  using CGLIB reflection optimizer
INFO -  using JDK 1.4 java.sql.Timestamp handling
INFO -  configuring from resource: /hibernate.cfg.xml
INFO -  Configuration resource: /hibernate.cfg.xml
INFO -  Mapping resource: com/jlcindia/hibernate/Contact.hbm.xml
ERROR -  Error parsing XML: XML InputStream(20) Attribute "callable" must be declared for element type "sql-query".
ERROR -  Error parsing XML: XML InputStream(21) Attribute "alias" is required and must be specified for element type "return".
ERROR -  Error parsing XML: XML InputStream(22) Element type "return-property" must be declared.
ERROR -  Error parsing XML: XML InputStream(23) Element type "return-property" must be declared.
ERROR -  Error parsing XML: XML InputStream(24) Element type "return-property" must be declared.
ERROR -  Error parsing XML: XML InputStream(25) Element type "return-property" must be declared.
ERROR -  Error parsing XML: XML InputStream(26) Element type "return-property" must be declared.
ERROR -  Error parsing XML: XML InputStream(27) Element type "return-property" must be declared.
ERROR -  Error parsing XML: XML InputStream(28) Element type "return-property" must be declared.
ERROR -  Error parsing XML: XML InputStream(29) The content of element type "return" must match "EMPTY".
INFO -  Hibernate 3.0rc1
INFO -  hibernate.properties not found
INFO -  using CGLIB reflection optimizer
INFO -  using JDK 1.4 java.sql.Timestamp handling
INFO -  configuring from resource: /hibernate.cfg.xml
INFO -  Configuration resource: /hibernate.cfg.xml
INFO -  Mapping resource: com/jlcindia/hibernate/Contact.hbm.xml
ERROR -  Error parsing XML: XML InputStream(20) Attribute "callable" must be declared for element type "sql-query".
ERROR -  Error parsing XML: XML InputStream(21) Attribute "alias" is required and must be specified for element type "return".
ERROR -  Error parsing XML: XML InputStream(22) Element type "return-property" must be declared.
ERROR -  Error parsing XML: XML InputStream(23) Element type "return-property" must be declared.
ERROR -  Error parsing XML: XML InputStream(24) Element type "return-property" must be declared.
ERROR -  Error parsing XML: XML InputStream(25) Element type "return-property" must be declared.
ERROR -  Error parsing XML: XML InputStream(26) Element type "return-property" must be declared.
ERROR -  Error parsing XML: XML InputStream(27) Element type "return-property" must be declared.
ERROR -  Error parsing XML: XML InputStream(28) Element type "return-property" must be declared.
ERROR -  Error parsing XML: XML InputStream(29) The content of element type "return" must match "EMPTY".
INFO -  Hibernate 3.0rc1
INFO -  hibernate.properties not found
INFO -  using CGLIB reflection optimizer
INFO -  using JDK 1.4 java.sql.Timestamp handling
INFO -  configuring from resource: /hibernate.cfg.xml
INFO -  Configuration resource: /hibernate.cfg.xml
INFO -  Mapping resource: com/jlcindia/hibernate/Contact.hbm.xml
ERROR -  Error parsing XML: XML InputStream(20) Attribute "callable" must be declared for element type "sql-query".
ERROR -  Error parsing XML: XML InputStream(21) Attribute "alias" is required and must be specified for element type "return".
ERROR -  Error parsing XML: XML InputStream(22) Element type "return-property" must be declared.
ERROR -  Error parsing XML: XML InputStream(23) Element type "return-property" must be declared.
ERROR -  Error parsing XML: XML InputStream(24) Element type "return-property" must be declared.
ERROR -  Error parsing XML: XML InputStream(25) Element type "return-property" must be declared.
ERROR -  Error parsing XML: XML InputStream(26) Element type "return-property" must be declared.
ERROR -  Error parsing XML: XML InputStream(27) Element type "return-property" must be declared.
ERROR -  Error parsing XML: XML InputStream(28) Element type "return-property" must be declared.
ERROR -  Error parsing XML: XML InputStream(29) The content of element type "return" must match "EMPTY".
