INFO -  Hibernate 3.0rc1
INFO -  hibernate.properties not found
INFO -  using CGLIB reflection optimizer
INFO -  using JDK 1.4 java.sql.Timestamp handling
INFO -  configuring from resource: /hibernate.cfg.xml
INFO -  Configuration resource: /hibernate.cfg.xml
INFO -  Mapping resource: com/jlcindia/hibernate/Student.hbm.xml
INFO -  Mapping class: com.jlcindia.hibernate.Student -> students
INFO -  Mapping resource: com/jlcindia/hibernate/Address.hbm.xml
INFO -  Mapping class: com.jlcindia.hibernate.Address -> addresses
INFO -  Configured SessionFactory: null
INFO -  processing extends queue
INFO -  processing collection mappings
INFO -  processing association property references
INFO -  processing foreign key constraints
INFO -  Using dialect: org.hibernate.dialect.MySQLDialect
INFO -  Maximum outer join fetch depth: 2
INFO -  Default batch fetch size: 1
INFO -  Generate SQL with comments: disabled
INFO -  Order SQL updates by primary key: disabled
INFO -  Query translator: org.hibernate.hql.ast.ASTQueryTranslatorFactory
INFO -  Using ASTQueryTranslatorFactory
INFO -  Query language substitutions: {}
INFO -  Using Hibernate built-in connection pool (not for production use!)
INFO -  Hibernate connection pool size: 20
INFO -  autocommit mode: false
INFO -  using driver: com.mysql.jdbc.Driver at URL: jdbc:mysql://localhost/jlcindiadb11
INFO -  connection properties: {user=root, password=****}
INFO -  JDBC batch size: 15
INFO -  JDBC batch updates for versioned data: disabled
INFO -  Scrollable result sets: enabled
INFO -  JDBC3 getGeneratedKeys(): enabled
INFO -  Using default transaction strategy (direct JDBC transactions)
INFO -  No TransactionManagerLookup configured (in JTA environment, use of read-write or transactional second-level cache is not recommended)
INFO -  Automatic flush during beforeCompletion(): disabled
INFO -  Automatic session close at end of transaction: disabled
INFO -  Cache provider: org.hibernate.cache.EhCacheProvider
INFO -  Second-level cache: enabled
INFO -  Optimize cache for minimal puts: disabled
INFO -  Structured second-level cache entries: enabled
INFO -  Query cache: disabled
INFO -  Echoing all SQL to stdout
INFO -  Statistics: disabled
INFO -  Deleted entity synthetic identifier rollback: disabled
INFO -  Default entity-mode: pojo
INFO -  building session factory
WARN -  No configuration found. Configuring ehcache from ehcache-failsafe.xml found in the classpath: jar:file:/D:/Studentd%20-DVD/Hibernate%203.1/ehcache-1.1.jar!/ehcache-failsafe.xml
INFO -  Not binding factory to JNDI, no JNDI name configured
INFO -  Using dialect: org.hibernate.dialect.MySQLDialect
INFO -  Using Hibernate built-in connection pool (not for production use!)
INFO -  Hibernate connection pool size: 20
INFO -  autocommit mode: false
INFO -  using driver: com.mysql.jdbc.Driver at URL: jdbc:mysql://localhost/jlcindiadb11
INFO -  connection properties: {user=root, password=****}
INFO -  Running hbm2ddl schema update
INFO -  fetching database metadata
INFO -  updating schema
INFO -  processing extends queue
INFO -  processing collection mappings
INFO -  processing association property references
INFO -  processing foreign key constraints
INFO -  table found: jlcindiadb11.addresses
INFO -  columns: [street, state, adid, city]
INFO -  foreign keys: []
INFO -  indexes: [primary]
INFO -  table found: jlcindiadb11.students
INFO -  columns: [phone, sname, sid, email, adid]
INFO -  foreign keys: [fk6fd1c5981d0d51cb]
INFO -  indexes: [primary, fk6fd1c5981d0d51cb]
INFO -  schema update complete
INFO -  cleaning up connection pool: jdbc:mysql://localhost/jlcindiadb11
INFO -  Checking 0 named queries
INFO -  Hibernate 3.0rc1
INFO -  hibernate.properties not found
INFO -  using CGLIB reflection optimizer
INFO -  using JDK 1.4 java.sql.Timestamp handling
INFO -  configuring from resource: /hibernate.cfg.xml
INFO -  Configuration resource: /hibernate.cfg.xml
INFO -  Mapping resource: com/jlcindia/hibernate/Student.hbm.xml
INFO -  Mapping class: com.jlcindia.hibernate.Student -> students
INFO -  Mapping resource: com/jlcindia/hibernate/Address.hbm.xml
INFO -  Mapping class: com.jlcindia.hibernate.Address -> addresses
INFO -  Configured SessionFactory: null
INFO -  processing extends queue
INFO -  processing collection mappings
INFO -  processing association property references
INFO -  processing foreign key constraints
INFO -  Using dialect: org.hibernate.dialect.MySQLDialect
INFO -  Maximum outer join fetch depth: 2
INFO -  Default batch fetch size: 1
INFO -  Generate SQL with comments: disabled
INFO -  Order SQL updates by primary key: disabled
INFO -  Query translator: org.hibernate.hql.ast.ASTQueryTranslatorFactory
INFO -  Using ASTQueryTranslatorFactory
INFO -  Query language substitutions: {}
INFO -  Using Hibernate built-in connection pool (not for production use!)
INFO -  Hibernate connection pool size: 20
INFO -  autocommit mode: false
INFO -  using driver: com.mysql.jdbc.Driver at URL: jdbc:mysql://localhost/jlcindiadb11
INFO -  connection properties: {user=root, password=****}
INFO -  JDBC batch size: 15
INFO -  JDBC batch updates for versioned data: disabled
INFO -  Scrollable result sets: enabled
INFO -  JDBC3 getGeneratedKeys(): enabled
INFO -  Using default transaction strategy (direct JDBC transactions)
INFO -  No TransactionManagerLookup configured (in JTA environment, use of read-write or transactional second-level cache is not recommended)
INFO -  Automatic flush during beforeCompletion(): disabled
INFO -  Automatic session close at end of transaction: disabled
INFO -  Cache provider: org.hibernate.cache.EhCacheProvider
INFO -  Second-level cache: enabled
INFO -  Optimize cache for minimal puts: disabled
INFO -  Structured second-level cache entries: enabled
INFO -  Query cache: disabled
INFO -  Echoing all SQL to stdout
INFO -  Statistics: disabled
INFO -  Deleted entity synthetic identifier rollback: disabled
INFO -  Default entity-mode: pojo
INFO -  building session factory
WARN -  No configuration found. Configuring ehcache from ehcache-failsafe.xml found in the classpath: jar:file:/D:/Studentd%20-DVD/Hibernate%203.1/ehcache-1.1.jar!/ehcache-failsafe.xml
INFO -  Not binding factory to JNDI, no JNDI name configured
INFO -  Using dialect: org.hibernate.dialect.MySQLDialect
INFO -  Using Hibernate built-in connection pool (not for production use!)
INFO -  Hibernate connection pool size: 20
INFO -  autocommit mode: false
INFO -  using driver: com.mysql.jdbc.Driver at URL: jdbc:mysql://localhost/jlcindiadb11
INFO -  connection properties: {user=root, password=****}
INFO -  Running hbm2ddl schema update
INFO -  fetching database metadata
INFO -  updating schema
INFO -  processing extends queue
INFO -  processing collection mappings
INFO -  processing association property references
INFO -  processing foreign key constraints
INFO -  table found: jlcindiadb11.addresses
INFO -  columns: [street, state, adid, city]
INFO -  foreign keys: []
INFO -  indexes: [primary]
INFO -  table found: jlcindiadb11.students
INFO -  columns: [phone, sname, sid, email, adid]
INFO -  foreign keys: [fk6fd1c5981d0d51cb]
INFO -  indexes: [primary, fk6fd1c5981d0d51cb]
INFO -  schema update complete
INFO -  cleaning up connection pool: jdbc:mysql://localhost/jlcindiadb11
INFO -  Checking 0 named queries
INFO -  Hibernate 3.0rc1
INFO -  hibernate.properties not found
INFO -  using CGLIB reflection optimizer
INFO -  using JDK 1.4 java.sql.Timestamp handling
INFO -  configuring from resource: /hibernate.cfg.xml
INFO -  Configuration resource: /hibernate.cfg.xml
INFO -  Mapping resource: com/jlcindia/hibernate/Student.hbm.xml
INFO -  Mapping class: com.jlcindia.hibernate.Student -> students
INFO -  Mapping resource: com/jlcindia/hibernate/Address.hbm.xml
INFO -  Mapping class: com.jlcindia.hibernate.Address -> addresses
INFO -  Configured SessionFactory: null
INFO -  processing extends queue
INFO -  processing collection mappings
INFO -  processing association property references
INFO -  processing foreign key constraints
INFO -  Using dialect: org.hibernate.dialect.MySQLDialect
INFO -  Maximum outer join fetch depth: 2
INFO -  Default batch fetch size: 1
INFO -  Generate SQL with comments: disabled
INFO -  Order SQL updates by primary key: disabled
INFO -  Query translator: org.hibernate.hql.ast.ASTQueryTranslatorFactory
INFO -  Using ASTQueryTranslatorFactory
INFO -  Query language substitutions: {}
INFO -  Using Hibernate built-in connection pool (not for production use!)
INFO -  Hibernate connection pool size: 20
INFO -  autocommit mode: false
INFO -  using driver: com.mysql.jdbc.Driver at URL: jdbc:mysql://localhost/jlcindiadb11
INFO -  connection properties: {user=root, password=****}
INFO -  JDBC batch size: 15
INFO -  JDBC batch updates for versioned data: disabled
INFO -  Scrollable result sets: enabled
INFO -  JDBC3 getGeneratedKeys(): enabled
INFO -  Using default transaction strategy (direct JDBC transactions)
INFO -  No TransactionManagerLookup configured (in JTA environment, use of read-write or transactional second-level cache is not recommended)
INFO -  Automatic flush during beforeCompletion(): disabled
INFO -  Automatic session close at end of transaction: disabled
INFO -  Cache provider: org.hibernate.cache.EhCacheProvider
INFO -  Second-level cache: enabled
INFO -  Optimize cache for minimal puts: disabled
INFO -  Structured second-level cache entries: enabled
INFO -  Query cache: disabled
INFO -  Echoing all SQL to stdout
INFO -  Statistics: disabled
INFO -  Deleted entity synthetic identifier rollback: disabled
INFO -  Default entity-mode: pojo
INFO -  building session factory
WARN -  No configuration found. Configuring ehcache from ehcache-failsafe.xml found in the classpath: jar:file:/D:/Studentd%20-DVD/Hibernate%203.1/ehcache-1.1.jar!/ehcache-failsafe.xml
INFO -  Not binding factory to JNDI, no JNDI name configured
INFO -  Using dialect: org.hibernate.dialect.MySQLDialect
INFO -  Using Hibernate built-in connection pool (not for production use!)
INFO -  Hibernate connection pool size: 20
INFO -  autocommit mode: false
INFO -  using driver: com.mysql.jdbc.Driver at URL: jdbc:mysql://localhost/jlcindiadb11
INFO -  connection properties: {user=root, password=****}
INFO -  Running hbm2ddl schema update
INFO -  fetching database metadata
INFO -  updating schema
INFO -  processing extends queue
INFO -  processing collection mappings
INFO -  processing association property references
INFO -  processing foreign key constraints
INFO -  table found: jlcindiadb11.addresses
INFO -  columns: [street, state, adid, city]
INFO -  foreign keys: []
INFO -  indexes: [primary]
INFO -  table found: jlcindiadb11.students
INFO -  columns: [phone, sname, sid, email, adid]
INFO -  foreign keys: [fk6fd1c5981d0d51cb]
INFO -  indexes: [primary, fk6fd1c5981d0d51cb]
INFO -  schema update complete
INFO -  cleaning up connection pool: jdbc:mysql://localhost/jlcindiadb11
INFO -  Checking 0 named queries
INFO -  Hibernate 3.0rc1
INFO -  hibernate.properties not found
INFO -  using CGLIB reflection optimizer
INFO -  using JDK 1.4 java.sql.Timestamp handling
INFO -  configuring from resource: /hibernate.cfg.xml
INFO -  Configuration resource: /hibernate.cfg.xml
INFO -  Mapping resource: com/jlcindia/hibernate/Student.hbm.xml
INFO -  Mapping class: com.jlcindia.hibernate.Student -> students
INFO -  Mapping resource: com/jlcindia/hibernate/Address.hbm.xml
INFO -  Mapping class: com.jlcindia.hibernate.Address -> addresses
INFO -  Configured SessionFactory: null
INFO -  processing extends queue
INFO -  processing collection mappings
INFO -  processing association property references
INFO -  processing foreign key constraints
INFO -  Using dialect: org.hibernate.dialect.MySQLDialect
INFO -  Maximum outer join fetch depth: 2
INFO -  Default batch fetch size: 1
INFO -  Generate SQL with comments: disabled
INFO -  Order SQL updates by primary key: disabled
INFO -  Query translator: org.hibernate.hql.ast.ASTQueryTranslatorFactory
INFO -  Using ASTQueryTranslatorFactory
INFO -  Query language substitutions: {}
INFO -  Using Hibernate built-in connection pool (not for production use!)
INFO -  Hibernate connection pool size: 20
INFO -  autocommit mode: false
INFO -  using driver: com.mysql.jdbc.Driver at URL: jdbc:mysql://localhost/jlcindiadb11
INFO -  connection properties: {user=root, password=****}
INFO -  JDBC batch size: 15
INFO -  JDBC batch updates for versioned data: disabled
INFO -  Scrollable result sets: enabled
INFO -  JDBC3 getGeneratedKeys(): enabled
INFO -  Using default transaction strategy (direct JDBC transactions)
INFO -  No TransactionManagerLookup configured (in JTA environment, use of read-write or transactional second-level cache is not recommended)
INFO -  Automatic flush during beforeCompletion(): disabled
INFO -  Automatic session close at end of transaction: disabled
INFO -  Cache provider: org.hibernate.cache.EhCacheProvider
INFO -  Second-level cache: enabled
INFO -  Optimize cache for minimal puts: disabled
INFO -  Structured second-level cache entries: enabled
INFO -  Query cache: disabled
INFO -  Echoing all SQL to stdout
INFO -  Statistics: disabled
INFO -  Deleted entity synthetic identifier rollback: disabled
INFO -  Default entity-mode: pojo
INFO -  building session factory
WARN -  No configuration found. Configuring ehcache from ehcache-failsafe.xml found in the classpath: jar:file:/D:/Studentd%20-DVD/Hibernate%203.1/ehcache-1.1.jar!/ehcache-failsafe.xml
INFO -  Not binding factory to JNDI, no JNDI name configured
INFO -  Using dialect: org.hibernate.dialect.MySQLDialect
INFO -  Using Hibernate built-in connection pool (not for production use!)
INFO -  Hibernate connection pool size: 20
INFO -  autocommit mode: false
INFO -  using driver: com.mysql.jdbc.Driver at URL: jdbc:mysql://localhost/jlcindiadb11
INFO -  connection properties: {user=root, password=****}
INFO -  Running hbm2ddl schema update
INFO -  fetching database metadata
INFO -  updating schema
INFO -  processing extends queue
INFO -  processing collection mappings
INFO -  processing association property references
INFO -  processing foreign key constraints
INFO -  table found: jlcindiadb11.addresses
INFO -  columns: [street, state, adid, city]
INFO -  foreign keys: []
INFO -  indexes: [primary]
INFO -  table found: jlcindiadb11.students
INFO -  columns: [phone, sname, sid, email, adid]
INFO -  foreign keys: [fk6fd1c5981d0d51cb]
INFO -  indexes: [primary, fk6fd1c5981d0d51cb]
INFO -  schema update complete
INFO -  cleaning up connection pool: jdbc:mysql://localhost/jlcindiadb11
INFO -  Checking 0 named queries
INFO -  Hibernate 3.0rc1
INFO -  hibernate.properties not found
INFO -  using CGLIB reflection optimizer
INFO -  using JDK 1.4 java.sql.Timestamp handling
INFO -  configuring from resource: /hibernate.cfg.xml
INFO -  Configuration resource: /hibernate.cfg.xml
INFO -  Mapping resource: com/jlcindia/hibernate/Student.hbm.xml
INFO -  Mapping class: com.jlcindia.hibernate.Student -> students
INFO -  Mapping resource: com/jlcindia/hibernate/Address.hbm.xml
INFO -  Mapping class: com.jlcindia.hibernate.Address -> addresses
INFO -  Configured SessionFactory: null
INFO -  processing extends queue
INFO -  processing collection mappings
INFO -  processing association property references
INFO -  processing foreign key constraints
INFO -  Using dialect: org.hibernate.dialect.MySQLDialect
INFO -  Maximum outer join fetch depth: 2
INFO -  Default batch fetch size: 1
INFO -  Generate SQL with comments: disabled
INFO -  Order SQL updates by primary key: disabled
INFO -  Query translator: org.hibernate.hql.ast.ASTQueryTranslatorFactory
INFO -  Using ASTQueryTranslatorFactory
INFO -  Query language substitutions: {}
INFO -  Using Hibernate built-in connection pool (not for production use!)
INFO -  Hibernate connection pool size: 20
INFO -  autocommit mode: false
INFO -  using driver: com.mysql.jdbc.Driver at URL: jdbc:mysql://localhost/jlcindiadb11
INFO -  connection properties: {user=root, password=****}
INFO -  JDBC batch size: 15
INFO -  JDBC batch updates for versioned data: disabled
INFO -  Scrollable result sets: enabled
INFO -  JDBC3 getGeneratedKeys(): enabled
INFO -  Using default transaction strategy (direct JDBC transactions)
INFO -  No TransactionManagerLookup configured (in JTA environment, use of read-write or transactional second-level cache is not recommended)
INFO -  Automatic flush during beforeCompletion(): disabled
INFO -  Automatic session close at end of transaction: disabled
INFO -  Cache provider: org.hibernate.cache.EhCacheProvider
INFO -  Second-level cache: enabled
INFO -  Optimize cache for minimal puts: disabled
INFO -  Structured second-level cache entries: enabled
INFO -  Query cache: disabled
INFO -  Echoing all SQL to stdout
INFO -  Statistics: disabled
INFO -  Deleted entity synthetic identifier rollback: disabled
INFO -  Default entity-mode: pojo
INFO -  building session factory
WARN -  No configuration found. Configuring ehcache from ehcache-failsafe.xml found in the classpath: jar:file:/D:/Studentd%20-DVD/Hibernate%203.1/ehcache-1.1.jar!/ehcache-failsafe.xml
INFO -  Not binding factory to JNDI, no JNDI name configured
INFO -  Using dialect: org.hibernate.dialect.MySQLDialect
INFO -  Using Hibernate built-in connection pool (not for production use!)
INFO -  Hibernate connection pool size: 20
INFO -  autocommit mode: false
INFO -  using driver: com.mysql.jdbc.Driver at URL: jdbc:mysql://localhost/jlcindiadb11
INFO -  connection properties: {user=root, password=****}
INFO -  Running hbm2ddl schema update
INFO -  fetching database metadata
INFO -  updating schema
INFO -  processing extends queue
INFO -  processing collection mappings
INFO -  processing association property references
INFO -  processing foreign key constraints
INFO -  table found: jlcindiadb11.addresses
INFO -  columns: [street, state, adid, city]
INFO -  foreign keys: []
INFO -  indexes: [primary]
INFO -  table found: jlcindiadb11.students
INFO -  columns: [phone, sname, sid, email, adid]
INFO -  foreign keys: [fk6fd1c5981d0d51cb]
INFO -  indexes: [primary, fk6fd1c5981d0d51cb]
INFO -  schema update complete
INFO -  cleaning up connection pool: jdbc:mysql://localhost/jlcindiadb11
INFO -  Checking 0 named queries
INFO -  Hibernate 3.0rc1
INFO -  hibernate.properties not found
INFO -  using CGLIB reflection optimizer
INFO -  using JDK 1.4 java.sql.Timestamp handling
INFO -  configuring from resource: /hibernate.cfg.xml
INFO -  Configuration resource: /hibernate.cfg.xml
INFO -  Mapping resource: com/jlcindia/hibernate/Student.hbm.xml
INFO -  Mapping class: com.jlcindia.hibernate.Student -> students
INFO -  Mapping resource: com/jlcindia/hibernate/Address.hbm.xml
INFO -  Mapping class: com.jlcindia.hibernate.Address -> addresses
INFO -  Configured SessionFactory: null
INFO -  processing extends queue
INFO -  processing collection mappings
INFO -  processing association property references
INFO -  processing foreign key constraints
INFO -  Using dialect: org.hibernate.dialect.MySQLDialect
INFO -  Maximum outer join fetch depth: 2
INFO -  Default batch fetch size: 1
INFO -  Generate SQL with comments: disabled
INFO -  Order SQL updates by primary key: disabled
INFO -  Query translator: org.hibernate.hql.ast.ASTQueryTranslatorFactory
INFO -  Using ASTQueryTranslatorFactory
INFO -  Query language substitutions: {}
INFO -  Using Hibernate built-in connection pool (not for production use!)
INFO -  Hibernate connection pool size: 20
INFO -  autocommit mode: false
INFO -  using driver: com.mysql.jdbc.Driver at URL: jdbc:mysql://localhost/jlcindiadb11
INFO -  connection properties: {user=root, password=****}
INFO -  JDBC batch size: 15
INFO -  JDBC batch updates for versioned data: disabled
INFO -  Scrollable result sets: enabled
INFO -  JDBC3 getGeneratedKeys(): enabled
INFO -  Using default transaction strategy (direct JDBC transactions)
INFO -  No TransactionManagerLookup configured (in JTA environment, use of read-write or transactional second-level cache is not recommended)
INFO -  Automatic flush during beforeCompletion(): disabled
INFO -  Automatic session close at end of transaction: disabled
INFO -  Cache provider: org.hibernate.cache.EhCacheProvider
INFO -  Second-level cache: enabled
INFO -  Optimize cache for minimal puts: disabled
INFO -  Structured second-level cache entries: enabled
INFO -  Query cache: disabled
INFO -  Echoing all SQL to stdout
INFO -  Statistics: disabled
INFO -  Deleted entity synthetic identifier rollback: disabled
INFO -  Default entity-mode: pojo
INFO -  building session factory
WARN -  No configuration found. Configuring ehcache from ehcache-failsafe.xml found in the classpath: jar:file:/D:/Studentd%20-DVD/Hibernate%203.1/ehcache-1.1.jar!/ehcache-failsafe.xml
INFO -  Not binding factory to JNDI, no JNDI name configured
INFO -  Using dialect: org.hibernate.dialect.MySQLDialect
INFO -  Using Hibernate built-in connection pool (not for production use!)
INFO -  Hibernate connection pool size: 20
INFO -  autocommit mode: false
INFO -  using driver: com.mysql.jdbc.Driver at URL: jdbc:mysql://localhost/jlcindiadb11
INFO -  connection properties: {user=root, password=****}
INFO -  Running hbm2ddl schema update
INFO -  fetching database metadata
INFO -  updating schema
INFO -  processing extends queue
INFO -  processing collection mappings
INFO -  processing association property references
INFO -  processing foreign key constraints
INFO -  table found: jlcindiadb11.addresses
INFO -  columns: [street, state, adid, city]
INFO -  foreign keys: []
INFO -  indexes: [primary]
INFO -  table not found: students
INFO -  table not found: students
INFO -  schema update complete
INFO -  cleaning up connection pool: jdbc:mysql://localhost/jlcindiadb11
INFO -  Checking 0 named queries
